\BOOKMARK [1][-]{section.1}{Question 1}{}% 1
\BOOKMARK [2][-]{subsection.1.1}{}{section.1}% 2
\BOOKMARK [2][-]{subsection.1.2}{}{section.1}% 3
\BOOKMARK [2][-]{subsection.1.3}{}{section.1}% 4
\BOOKMARK [2][-]{subsection.1.4}{TODO}{section.1}% 5
\BOOKMARK [2][-]{subsection.1.5}{TODO}{section.1}% 6
\BOOKMARK [1][-]{section.2}{Question 2}{}% 7
\BOOKMARK [2][-]{subsection.2.1}{}{section.2}% 8
\BOOKMARK [2][-]{subsection.2.2}{}{section.2}% 9
\BOOKMARK [2][-]{subsection.2.3}{}{section.2}% 10
\BOOKMARK [2][-]{subsection.2.4}{}{section.2}% 11
\BOOKMARK [2][-]{subsection.2.5}{}{section.2}% 12
\BOOKMARK [2][-]{subsection.2.6}{TODO}{section.2}% 13
\BOOKMARK [1][-]{section.3}{Question 3 - TODO}{}% 14
\BOOKMARK [1][-]{section.4}{Question 4}{}% 15
\BOOKMARK [2][-]{subsection.4.1}{}{section.4}% 16
\BOOKMARK [2][-]{subsection.4.2}{}{section.4}% 17
\BOOKMARK [2][-]{subsection.4.3}{}{section.4}% 18
\BOOKMARK [1][-]{section.5}{Question 5}{}% 19
\BOOKMARK [2][-]{subsection.5.1}{}{section.5}% 20
\BOOKMARK [2][-]{subsection.5.2}{}{section.5}% 21
\BOOKMARK [2][-]{subsection.5.3}{}{section.5}% 22
\BOOKMARK [3][-]{subsubsection.5.3.1}{Concurrency}{subsection.5.3}% 23
\BOOKMARK [3][-]{subsubsection.5.3.2}{Ordering}{subsection.5.3}% 24
\BOOKMARK [2][-]{subsection.5.4}{}{section.5}% 25
\BOOKMARK [2][-]{subsection.5.5}{}{section.5}% 26
\BOOKMARK [2][-]{subsection.5.6}{}{section.5}% 27
\BOOKMARK [2][-]{subsection.5.7}{}{section.5}% 28
\BOOKMARK [2][-]{subsection.5.8}{}{section.5}% 29
\BOOKMARK [1][-]{section.6}{Question 6}{}% 30
\BOOKMARK [2][-]{subsection.6.1}{}{section.6}% 31
\BOOKMARK [2][-]{subsection.6.2}{}{section.6}% 32
\BOOKMARK [2][-]{subsection.6.3}{}{section.6}% 33
\BOOKMARK [1][-]{section.7}{Question 7}{}% 34
\BOOKMARK [2][-]{subsection.7.1}{TODO}{section.7}% 35
\BOOKMARK [2][-]{subsection.7.2}{}{section.7}% 36
\BOOKMARK [1][-]{section.8}{Appendix}{}% 37
\BOOKMARK [2][-]{subsection.8.1}{MyStack.java}{section.8}% 38
\BOOKMARK [2][-]{subsection.8.2}{SecComSys.java}{section.8}% 39
